<?xml version="1.0" encoding="UTF-8"?>
<testng-results skipped="0" failed="0" total="1" passed="1">
  <reporter-output>
  </reporter-output>
  <suite name="Default suite" duration-ms="28" started-at="2020-07-19T16:03:44Z" finished-at="2020-07-19T16:03:44Z">
    <groups>
    </groups>
    <test name="Default test" duration-ms="28" started-at="2020-07-19T16:03:44Z" finished-at="2020-07-19T16:03:44Z">
      <class name="ixigo.ixigoProject.Ixigo3">
        <test-method status="PASS" signature="login()[pri:0, instance:ixigo.ixigoProject.Ixigo3@3c72f59f]" name="login" duration-ms="12" started-at="2020-07-19T11:03:44Z" finished-at="2020-07-19T11:03:44Z">
          <reporter-output>
          </reporter-output>
        </test-method> <!-- login -->
      </class> <!-- ixigo.ixigoProject.Ixigo3 -->
    </test> <!-- Default test -->
  </suite> <!-- Default suite -->
</testng-results>
